<?xml version="1.0" encoding="UTF-8"?>
<robot generator="Robot 7.4.1 (Python 3.14.0 on win32)" generated="2026-01-01T16:53:55.076387" rpa="false" schemaversion="5">
<suite id="s1" name="RegisterFailEmptyFName" source="D:\MYPIC\ComSciP3T2\CP353004_Lab\TestAutomationLab_663380026-5\RegisterFailEmptyFName.robot">
<test id="s1-t1" name="UAT-Lab04-002-01 Empty First Name" line="11">
<kw name="Open Browser" owner="SeleniumLibrary">
<msg time="2026-01-01T16:53:55.431298" level="INFO">Opening browser 'Chrome' to base url 'http://localhost:7072/StarterFiles/Registration.html'.</msg>
<arg>${SERVER}${LAB_PATH}</arg>
<arg>${BROWSER}</arg>
<doc>Opens a new browser instance to the optional ``url``.</doc>
<status status="PASS" start="2026-01-01T16:53:55.430869" elapsed="1.411994"/>
</kw>
<kw name="Maximize Browser Window" owner="SeleniumLibrary">
<doc>Maximizes current browser window.</doc>
<status status="PASS" start="2026-01-01T16:53:56.843584" elapsed="0.053836"/>
</kw>
<kw name="Set Selenium Speed" owner="SeleniumLibrary">
<arg>${DELAY}</arg>
<doc>Sets the delay that is waited after each Selenium command.</doc>
<status status="PASS" start="2026-01-01T16:53:56.898005" elapsed="0.000648"/>
</kw>
<kw name="Input Text" owner="SeleniumLibrary">
<msg time="2026-01-01T16:53:56.899664" level="INFO">Typing text 'Sodsai' into text field 'id:lastname'.</msg>
<arg>id:lastname</arg>
<arg>Sodsai</arg>
<doc>Types the given ``text`` into the text field identified by ``locator``.</doc>
<status status="PASS" start="2026-01-01T16:53:56.899062" elapsed="0.440631"/>
</kw>
<kw name="Input Text" owner="SeleniumLibrary">
<msg time="2026-01-01T16:53:57.340350" level="INFO">Typing text 'CS KKU' into text field 'id:organization'.</msg>
<arg>id:organization</arg>
<arg>CS KKU</arg>
<doc>Types the given ``text`` into the text field identified by ``locator``.</doc>
<status status="PASS" start="2026-01-01T16:53:57.340082" elapsed="0.382192"/>
</kw>
<kw name="Input Text" owner="SeleniumLibrary">
<msg time="2026-01-01T16:53:57.723060" level="INFO">Typing text 'somyod@kkumail.com' into text field 'id:email'.</msg>
<arg>id:email</arg>
<arg>somyod@kkumail.com</arg>
<doc>Types the given ``text`` into the text field identified by ``locator``.</doc>
<status status="PASS" start="2026-01-01T16:53:57.722786" elapsed="0.442607"/>
</kw>
<kw name="Input Text" owner="SeleniumLibrary">
<msg time="2026-01-01T16:53:58.166047" level="INFO">Typing text '091-001-1234' into text field 'id:phone'.</msg>
<arg>id:phone</arg>
<arg>091-001-1234</arg>
<doc>Types the given ``text`` into the text field identified by ``locator``.</doc>
<status status="PASS" start="2026-01-01T16:53:58.165775" elapsed="0.378367"/>
</kw>
<kw name="Click Button" owner="SeleniumLibrary">
<msg time="2026-01-01T16:53:58.544764" level="INFO">Clicking button 'id:registerButton'.</msg>
<arg>id:registerButton</arg>
<doc>Clicks the button identified by ``locator``.</doc>
<status status="PASS" start="2026-01-01T16:53:58.544493" elapsed="0.391161"/>
</kw>
<kw name="Title Should Be" owner="SeleniumLibrary">
<msg time="2026-01-01T16:53:59.041125" level="INFO">Page title is 'Registration'.</msg>
<arg>Registration</arg>
<doc>Verifies that the current page title equals ``title``.</doc>
<status status="PASS" start="2026-01-01T16:53:58.936005" elapsed="0.105250"/>
</kw>
<kw name="Page Should Contain" owner="SeleniumLibrary">
<msg time="2026-01-01T16:53:59.254959" level="INFO">Current page contains text 'Workshop Registration'.</msg>
<arg>Workshop Registration</arg>
<doc>Verifies that current page contains ``text``.</doc>
<status status="PASS" start="2026-01-01T16:53:59.041773" elapsed="0.213318"/>
</kw>
<kw name="Element Text Should Be" owner="SeleniumLibrary">
<msg time="2026-01-01T16:53:59.255696" level="INFO">Verifying element 'id:errors' contains exact text 'Please enter your first name!!'.</msg>
<msg time="2026-01-01T16:53:59.683023" level="INFO" html="true">&lt;/td&gt;&lt;/tr&gt;&lt;tr&gt;&lt;td colspan="3"&gt;&lt;a href="selenium-screenshot-1.png"&gt;&lt;img src="selenium-screenshot-1.png" width="800px"&gt;&lt;/a&gt;</msg>
<msg time="2026-01-01T16:53:59.683218" level="FAIL">The text of element 'id:errors' should have been 'Please enter your first name!!' but it was '*Please enter your first name!!'.</msg>
<arg>id:errors</arg>
<arg>Please enter your first name!!</arg>
<doc>Verifies that element ``locator`` contains exact the text ``expected``.</doc>
<status status="FAIL" start="2026-01-01T16:53:59.255410" elapsed="0.429821">The text of element 'id:errors' should have been 'Please enter your first name!!' but it was '*Please enter your first name!!'.</status>
</kw>
<kw name="Capture Page Screenshot" owner="SeleniumLibrary">
<arg>Fname.png</arg>
<doc>Takes a screenshot of the current page and embeds it into a log file.</doc>
<status status="NOT RUN" start="2026-01-01T16:53:59.685662" elapsed="0.000056"/>
</kw>
<kw name="Close Browser" owner="SeleniumLibrary">
<doc>Closes the current browser.</doc>
<status status="NOT RUN" start="2026-01-01T16:53:59.685972" elapsed="0.000033"/>
</kw>
<doc>UAT-Lab04-002: First Name ว่าง</doc>
<status status="FAIL" start="2026-01-01T16:53:55.429557" elapsed="4.256732">The text of element 'id:errors' should have been 'Please enter your first name!!' but it was '*Please enter your first name!!'.</status>
</test>
<status status="FAIL" start="2026-01-01T16:53:55.078450" elapsed="4.608651"/>
</suite>
<statistics>
<total>
<stat pass="0" fail="1" skip="0">All Tests</stat>
</total>
<tag>
</tag>
<suite>
<stat name="RegisterFailEmptyFName" id="s1" pass="0" fail="1" skip="0">RegisterFailEmptyFName</stat>
</suite>
</statistics>
<errors>
</errors>
</robot>
