<?xml version="1.0" encoding="UTF-8"?>
<robot generator="Robot 7.4.1 (Python 3.14.0 on win32)" generated="2026-01-01T16:55:47.863871" rpa="false" schemaversion="5">
<suite id="s1" name="RegisterFailEmptyLName" source="D:\MYPIC\ComSciP3T2\CP353004_Lab\TestAutomationLab_663380026-5\RegisterFailEmptyLName.robot">
<test id="s1-t1" name="UAT-Lab04-002-02 Empty Last Name" line="11">
<kw name="Open Browser" owner="SeleniumLibrary">
<msg time="2026-01-01T16:55:48.237453" level="INFO">Opening browser 'Chrome' to base url 'http://localhost:7072/StarterFiles/Registration.html'.</msg>
<arg>${SERVER}${LAB_PATH}</arg>
<arg>${BROWSER}</arg>
<doc>Opens a new browser instance to the optional ``url``.</doc>
<status status="PASS" start="2026-01-01T16:55:48.237045" elapsed="1.329853"/>
</kw>
<kw name="Maximize Browser Window" owner="SeleniumLibrary">
<doc>Maximizes current browser window.</doc>
<status status="PASS" start="2026-01-01T16:55:49.567368" elapsed="0.040297"/>
</kw>
<kw name="Set Selenium Speed" owner="SeleniumLibrary">
<arg>${DELAY}</arg>
<doc>Sets the delay that is waited after each Selenium command.</doc>
<status status="PASS" start="2026-01-01T16:55:49.608668" elapsed="0.000387"/>
</kw>
<kw name="Input Text" owner="SeleniumLibrary">
<msg time="2026-01-01T16:55:49.609712" level="INFO">Typing text 'Somyod' into text field 'id:firstname'.</msg>
<arg>id:firstname</arg>
<arg>Somyod</arg>
<doc>Types the given ``text`` into the text field identified by ``locator``.</doc>
<status status="PASS" start="2026-01-01T16:55:49.609311" elapsed="0.418726"/>
</kw>
<kw name="Input Text" owner="SeleniumLibrary">
<msg time="2026-01-01T16:55:50.028929" level="INFO">Typing text 'CS KKU' into text field 'id:organization'.</msg>
<arg>id:organization</arg>
<arg>CS KKU</arg>
<doc>Types the given ``text`` into the text field identified by ``locator``.</doc>
<status status="PASS" start="2026-01-01T16:55:50.028565" elapsed="0.401330"/>
</kw>
<kw name="Input Text" owner="SeleniumLibrary">
<msg time="2026-01-01T16:55:50.430568" level="INFO">Typing text 'somyod@kkumail.com' into text field 'id:email'.</msg>
<arg>id:email</arg>
<arg>somyod@kkumail.com</arg>
<doc>Types the given ``text`` into the text field identified by ``locator``.</doc>
<status status="PASS" start="2026-01-01T16:55:50.430307" elapsed="0.401121"/>
</kw>
<kw name="Input Text" owner="SeleniumLibrary">
<msg time="2026-01-01T16:55:50.832210" level="INFO">Typing text '091-001-1234' into text field 'id:phone'.</msg>
<arg>id:phone</arg>
<arg>091-001-1234</arg>
<doc>Types the given ``text`` into the text field identified by ``locator``.</doc>
<status status="PASS" start="2026-01-01T16:55:50.831919" elapsed="0.415140"/>
</kw>
<kw name="Click Button" owner="SeleniumLibrary">
<msg time="2026-01-01T16:55:51.247705" level="INFO">Clicking button 'id:registerButton'.</msg>
<arg>id:registerButton</arg>
<doc>Clicks the button identified by ``locator``.</doc>
<status status="PASS" start="2026-01-01T16:55:51.247460" elapsed="0.412643"/>
</kw>
<kw name="Title Should Be" owner="SeleniumLibrary">
<msg time="2026-01-01T16:55:51.765537" level="INFO">Page title is 'Registration'.</msg>
<arg>Registration</arg>
<doc>Verifies that the current page title equals ``title``.</doc>
<status status="PASS" start="2026-01-01T16:55:51.660591" elapsed="0.105080"/>
</kw>
<kw name="Page Should Contain" owner="SeleniumLibrary">
<msg time="2026-01-01T16:55:51.978562" level="INFO">Current page contains text 'Workshop Registration'.</msg>
<arg>Workshop Registration</arg>
<doc>Verifies that current page contains ``text``.</doc>
<status status="PASS" start="2026-01-01T16:55:51.766145" elapsed="0.212589"/>
</kw>
<kw name="Element Text Should Be" owner="SeleniumLibrary">
<msg time="2026-01-01T16:55:51.979437" level="INFO">Verifying element 'id:errors' contains exact text 'Please enter your last name!!'.</msg>
<msg time="2026-01-01T16:55:52.401977" level="INFO" html="true">&lt;/td&gt;&lt;/tr&gt;&lt;tr&gt;&lt;td colspan="3"&gt;&lt;a href="selenium-screenshot-1.png"&gt;&lt;img src="selenium-screenshot-1.png" width="800px"&gt;&lt;/a&gt;</msg>
<msg time="2026-01-01T16:55:52.402238" level="FAIL">The text of element 'id:errors' should have been 'Please enter your last name!!' but it was '*Please enter your last name!!'.</msg>
<arg>id:errors</arg>
<arg>Please enter your last name!!</arg>
<doc>Verifies that element ``locator`` contains exact the text ``expected``.</doc>
<status status="FAIL" start="2026-01-01T16:55:51.979122" elapsed="0.425512">The text of element 'id:errors' should have been 'Please enter your last name!!' but it was '*Please enter your last name!!'.</status>
</kw>
<kw name="Close Browser" owner="SeleniumLibrary">
<doc>Closes the current browser.</doc>
<status status="NOT RUN" start="2026-01-01T16:55:52.405118" elapsed="0.000074"/>
</kw>
<doc>UAT-Lab04-002: Last Name ว่าง</doc>
<status status="FAIL" start="2026-01-01T16:55:48.235701" elapsed="4.169808">The text of element 'id:errors' should have been 'Please enter your last name!!' but it was '*Please enter your last name!!'.</status>
</test>
<status status="FAIL" start="2026-01-01T16:55:47.865654" elapsed="4.540736"/>
</suite>
<statistics>
<total>
<stat pass="0" fail="1" skip="0">All Tests</stat>
</total>
<tag>
</tag>
<suite>
<stat name="RegisterFailEmptyLName" id="s1" pass="0" fail="1" skip="0">RegisterFailEmptyLName</stat>
</suite>
</statistics>
<errors>
</errors>
</robot>
