<?xml version="1.0" encoding="UTF-8"?>
<robot generator="Robot 7.4.1 (Python 3.14.0 on win32)" generated="2026-01-01T17:02:55.789216" rpa="false" schemaversion="5">
<suite id="s1" name="RegisterFail InvalidPhoneNum" source="D:\MYPIC\ComSciP3T2\CP353004_Lab\TestAutomationLab_663380026-5\RegisterFail_InvalidPhoneNum.robot">
<test id="s1-t1" name="UAT-Lab04-002-06 Invalid Phone Number" line="11">
<kw name="Open Browser" owner="SeleniumLibrary">
<msg time="2026-01-01T17:02:56.134275" level="INFO">Opening browser 'Chrome' to base url 'http://localhost:7072/StarterFiles/Registration.html'.</msg>
<arg>${SERVER}${LAB_PATH}</arg>
<arg>${BROWSER}</arg>
<doc>Opens a new browser instance to the optional ``url``.</doc>
<status status="PASS" start="2026-01-01T17:02:56.133889" elapsed="1.355986"/>
</kw>
<kw name="Maximize Browser Window" owner="SeleniumLibrary">
<doc>Maximizes current browser window.</doc>
<status status="PASS" start="2026-01-01T17:02:57.490450" elapsed="0.037938"/>
</kw>
<kw name="Set Selenium Speed" owner="SeleniumLibrary">
<arg>${DELAY}</arg>
<doc>Sets the delay that is waited after each Selenium command.</doc>
<status status="PASS" start="2026-01-01T17:02:57.528967" elapsed="0.000584"/>
</kw>
<kw name="Input Text" owner="SeleniumLibrary">
<msg time="2026-01-01T17:02:57.530508" level="INFO">Typing text 'Somyod' into text field 'id:firstname'.</msg>
<arg>id:firstname</arg>
<arg>Somyod</arg>
<doc>Types the given ``text`` into the text field identified by ``locator``.</doc>
<status status="PASS" start="2026-01-01T17:02:57.529938" elapsed="0.425466"/>
</kw>
<kw name="Input Text" owner="SeleniumLibrary">
<msg time="2026-01-01T17:02:57.955978" level="INFO">Typing text 'Sodsai' into text field 'id:lastname'.</msg>
<arg>id:lastname</arg>
<arg>Sodsai</arg>
<doc>Types the given ``text`` into the text field identified by ``locator``.</doc>
<status status="PASS" start="2026-01-01T17:02:57.955744" elapsed="0.389481"/>
</kw>
<kw name="Input Text" owner="SeleniumLibrary">
<msg time="2026-01-01T17:02:58.345881" level="INFO">Typing text 'CS KKU' into text field 'id:organization'.</msg>
<arg>id:organization</arg>
<arg>CS KKU</arg>
<doc>Types the given ``text`` into the text field identified by ``locator``.</doc>
<status status="PASS" start="2026-01-01T17:02:58.345625" elapsed="0.378083"/>
</kw>
<kw name="Input Text" owner="SeleniumLibrary">
<msg time="2026-01-01T17:02:58.724322" level="INFO">Typing text 'somyod@kkumail.com' into text field 'id:email'.</msg>
<arg>id:email</arg>
<arg>somyod@kkumail.com</arg>
<doc>Types the given ``text`` into the text field identified by ``locator``.</doc>
<status status="PASS" start="2026-01-01T17:02:58.724065" elapsed="0.402861"/>
</kw>
<kw name="Input Text" owner="SeleniumLibrary">
<msg time="2026-01-01T17:02:59.127653" level="INFO">Typing text '1234' into text field 'id:phone'.</msg>
<arg>id:phone</arg>
<arg>1234</arg>
<doc>Types the given ``text`` into the text field identified by ``locator``.</doc>
<status status="PASS" start="2026-01-01T17:02:59.127381" elapsed="0.386232"/>
</kw>
<kw name="Click Button" owner="SeleniumLibrary">
<msg time="2026-01-01T17:02:59.514320" level="INFO">Clicking button 'id:registerButton'.</msg>
<arg>id:registerButton</arg>
<doc>Clicks the button identified by ``locator``.</doc>
<status status="PASS" start="2026-01-01T17:02:59.514056" elapsed="0.372864"/>
</kw>
<kw name="Title Should Be" owner="SeleniumLibrary">
<msg time="2026-01-01T17:02:59.993643" level="INFO">Page title is 'Registration'.</msg>
<arg>Registration</arg>
<doc>Verifies that the current page title equals ``title``.</doc>
<status status="PASS" start="2026-01-01T17:02:59.887435" elapsed="0.106377"/>
</kw>
<kw name="Page Should Contain" owner="SeleniumLibrary">
<msg time="2026-01-01T17:03:00.209022" level="INFO">Current page contains text 'Workshop Registration'.</msg>
<arg>Workshop Registration</arg>
<doc>Verifies that current page contains ``text``.</doc>
<status status="PASS" start="2026-01-01T17:02:59.994197" elapsed="0.214993"/>
</kw>
<kw name="Element Text Should Be" owner="SeleniumLibrary">
<msg time="2026-01-01T17:03:00.209956" level="INFO">Verifying element 'id:errors' contains exact text 'Please enter a valid phone number, e.g., 081-234-5678, 084 234 5678, or 081.234.5678'.</msg>
<msg time="2026-01-01T17:03:00.630716" level="INFO" html="true">&lt;/td&gt;&lt;/tr&gt;&lt;tr&gt;&lt;td colspan="3"&gt;&lt;a href="selenium-screenshot-1.png"&gt;&lt;img src="selenium-screenshot-1.png" width="800px"&gt;&lt;/a&gt;</msg>
<msg time="2026-01-01T17:03:00.630909" level="FAIL">The text of element 'id:errors' should have been 'Please enter a valid phone number, e.g., 081-234-5678, 084 234 5678, or 081.234.5678' but it was 'Please enter a valid phone number, e.g., xxx-xxx-xxxx, xxx xxx xxxx, or xxx.xxx.xxxx'.</msg>
<arg>id:errors</arg>
<arg>Please enter a valid phone number, e.g., 081-234-5678, 084 234 5678, or 081.234.5678</arg>
<doc>Verifies that element ``locator`` contains exact the text ``expected``.</doc>
<status status="FAIL" start="2026-01-01T17:03:00.209651" elapsed="0.423162">The text of element 'id:errors' should have been 'Please enter a valid phone number, e.g., 081-234-5678, 084 234 5678, or 081.234.5678' but it was 'Please enter a valid phone number, e.g., xxx-xxx-xxxx, xxx xxx xxxx, or xxx.xxx.xxxx'.</status>
</kw>
<kw name="Close Browser" owner="SeleniumLibrary">
<doc>Closes the current browser.</doc>
<status status="NOT RUN" start="2026-01-01T17:03:00.633187" elapsed="0.000044"/>
</kw>
<doc>UAT-Lab04-002: Phone ไม่ถูกต้อง</doc>
<status status="FAIL" start="2026-01-01T17:02:56.132536" elapsed="4.500962">The text of element 'id:errors' should have been 'Please enter a valid phone number, e.g., 081-234-5678, 084 234 5678, or 081.234.5678' but it was 'Please enter a valid phone number, e.g., xxx-xxx-xxxx, xxx xxx xxxx, or xxx.xxx.xxxx'.</status>
</test>
<status status="FAIL" start="2026-01-01T17:02:55.791012" elapsed="4.843449"/>
</suite>
<statistics>
<total>
<stat pass="0" fail="1" skip="0">All Tests</stat>
</total>
<tag>
</tag>
<suite>
<stat name="RegisterFail InvalidPhoneNum" id="s1" pass="0" fail="1" skip="0">RegisterFail InvalidPhoneNum</stat>
</suite>
</statistics>
<errors>
</errors>
</robot>
