<?xml version="1.0" encoding="UTF-8"?>
<robot generator="Robot 7.4.1 (Python 3.14.0 on win32)" generated="2025-12-27T23:35:01.206286" rpa="false" schemaversion="5">
<suite id="s1" name="RegisterFailEmptyPhone" source="D:\MYPIC\ComSciP3T2\CP353004_Lab\TestAutomationLab_663380026-5\RegisterFailEmptyPhone.robot">
<kw name="Open Browser To Registration Page" type="SETUP">
<kw name="Open Browser" owner="SeleniumLibrary">
<msg time="2025-12-27T23:35:01.533658" level="INFO">Opening browser 'Chrome' to base url 'file:///D:/MYPIC/ComSciP3T2/CP353004_Lab/TestAutomationLab_663380026-5/StarterFiles/Registration.html'.</msg>
<arg>${URL}</arg>
<arg>${BROWSER}</arg>
<doc>Opens a new browser instance to the optional ``url``.</doc>
<status status="PASS" start="2025-12-27T23:35:01.533370" elapsed="1.353998"/>
</kw>
<kw name="Maximize Browser Window" owner="SeleniumLibrary">
<doc>Maximizes current browser window.</doc>
<status status="PASS" start="2025-12-27T23:35:02.887660" elapsed="0.038385"/>
</kw>
<kw name="Set Selenium Speed" owner="SeleniumLibrary">
<arg>${DELAY}</arg>
<doc>Sets the delay that is waited after each Selenium command.</doc>
<status status="PASS" start="2025-12-27T23:35:02.926383" elapsed="0.000518"/>
</kw>
<kw name="Title Should Be" owner="SeleniumLibrary">
<msg time="2025-12-27T23:35:03.033495" level="INFO">Page title is 'Registration'.</msg>
<arg>Registration</arg>
<doc>Verifies that the current page title equals ``title``.</doc>
<status status="PASS" start="2025-12-27T23:35:02.927081" elapsed="0.106556"/>
</kw>
<kw name="Page Should Contain" owner="SeleniumLibrary">
<msg time="2025-12-27T23:35:03.248548" level="INFO">Current page contains text 'Workshop Registration'.</msg>
<arg>Workshop Registration</arg>
<doc>Verifies that current page contains ``text``.</doc>
<status status="PASS" start="2025-12-27T23:35:03.033818" elapsed="0.214861"/>
</kw>
<status status="PASS" start="2025-12-27T23:35:01.532671" elapsed="1.716131"/>
</kw>
<test id="s1-t1" name="UAT-Lab04-002-05 Empty Phone" line="31">
<kw name="Go To Registration Page">
<kw name="Go To" owner="SeleniumLibrary">
<msg time="2025-12-27T23:35:03.250003" level="INFO">Opening url 'file:///D:/MYPIC/ComSciP3T2/CP353004_Lab/TestAutomationLab_663380026-5/StarterFiles/Registration.html'</msg>
<arg>${URL}</arg>
<doc>Navigates the current browser window to the provided ``url``.</doc>
<status status="PASS" start="2025-12-27T23:35:03.249871" elapsed="0.113323"/>
</kw>
<kw name="Title Should Be" owner="SeleniumLibrary">
<msg time="2025-12-27T23:35:03.467806" level="INFO">Page title is 'Registration'.</msg>
<arg>Registration</arg>
<doc>Verifies that the current page title equals ``title``.</doc>
<status status="PASS" start="2025-12-27T23:35:03.363435" elapsed="0.104506"/>
</kw>
<kw name="Page Should Contain" owner="SeleniumLibrary">
<msg time="2025-12-27T23:35:03.678896" level="INFO">Current page contains text 'Workshop Registration'.</msg>
<arg>Workshop Registration</arg>
<doc>Verifies that current page contains ``text``.</doc>
<status status="PASS" start="2025-12-27T23:35:03.468122" elapsed="0.211054"/>
</kw>
<kw name="Clear Element Text" owner="SeleniumLibrary">
<arg>id:firstname</arg>
<doc>Clears the value of the text-input-element identified by ``locator``.</doc>
<status status="PASS" start="2025-12-27T23:35:03.679451" elapsed="0.239983"/>
</kw>
<kw name="Clear Element Text" owner="SeleniumLibrary">
<arg>id:lastname</arg>
<doc>Clears the value of the text-input-element identified by ``locator``.</doc>
<status status="PASS" start="2025-12-27T23:35:03.919647" elapsed="0.227681"/>
</kw>
<kw name="Clear Element Text" owner="SeleniumLibrary">
<arg>id:organization</arg>
<doc>Clears the value of the text-input-element identified by ``locator``.</doc>
<status status="PASS" start="2025-12-27T23:35:04.147538" elapsed="0.227423"/>
</kw>
<kw name="Clear Element Text" owner="SeleniumLibrary">
<arg>id:email</arg>
<doc>Clears the value of the text-input-element identified by ``locator``.</doc>
<status status="PASS" start="2025-12-27T23:35:04.375163" elapsed="0.227232"/>
</kw>
<kw name="Clear Element Text" owner="SeleniumLibrary">
<arg>id:phone</arg>
<doc>Clears the value of the text-input-element identified by ``locator``.</doc>
<status status="PASS" start="2025-12-27T23:35:04.602602" elapsed="0.227599"/>
</kw>
<kw name="Run Keyword And Ignore Error" owner="BuiltIn">
<kw name="Clear Element Text" owner="SeleniumLibrary">
<msg time="2025-12-27T23:35:05.146060" level="INFO" html="true">&lt;/td&gt;&lt;/tr&gt;&lt;tr&gt;&lt;td colspan="3"&gt;&lt;a href="selenium-screenshot-1.png"&gt;&lt;img src="selenium-screenshot-1.png" width="800px"&gt;&lt;/a&gt;</msg>
<msg time="2025-12-27T23:35:05.146361" level="FAIL">InvalidElementStateException: Message: invalid element state
  (Session info: chrome=143.0.7499.170)
Stacktrace:
Symbols not available. Dumping unresolved backtrace:
	0x7ff656f688e5
	0x7ff656f68940
	0x7ff656d41465
	0x7ff656d8f263
	0x7ff656dc1fda
	0x7ff656d8c746
	0x7ff656deac97
	0x7ff656d8ac29
	0x7ff656d8ba93
	0x7ff657280640
	0x7ff65727af80
	0x7ff6572996e6
	0x7ff656f85de4
	0x7ff656f8ed8c
	0x7ff656f72004
	0x7ff656f721b5
	0x7ff656f57ee2
	0x7fff97bce8d7
	0x7fff9852c53c
</msg>
<arg>id:errors</arg>
<doc>Clears the value of the text-input-element identified by ``locator``.</doc>
<status status="FAIL" start="2025-12-27T23:35:04.831032" elapsed="0.319879">InvalidElementStateException: Message: invalid element state
  (Session info: chrome=143.0.7499.170)
Stacktrace:
Symbols not available. Dumping unresolved backtrace:
	0x7ff656f688e5
	0x7ff656f68940
	0x7ff656d41465
	0x7ff656d8f263
	0x7ff656dc1fda
	0x7ff656d8c746
	0x7ff656deac97
	0x7ff656d8ac29
	0x7ff656d8ba93
	0x7ff657280640
	0x7ff65727af80
	0x7ff6572996e6
	0x7ff656f85de4
	0x7ff656f8ed8c
	0x7ff656f72004
	0x7ff656f721b5
	0x7ff656f57ee2
	0x7fff97bce8d7
	0x7fff9852c53c
</status>
</kw>
<arg>Clear Element Text</arg>
<arg>id:errors</arg>
<doc>Runs the given keyword with the given arguments and ignores possible error.</doc>
<status status="PASS" start="2025-12-27T23:35:04.830473" elapsed="0.320573"/>
</kw>
<status status="PASS" start="2025-12-27T23:35:03.249620" elapsed="1.901540"/>
</kw>
<kw name="Input Text" owner="SeleniumLibrary">
<msg time="2025-12-27T23:35:05.151870" level="INFO">Typing text 'Somyod' into text field 'id:firstname'.</msg>
<arg>id:firstname</arg>
<arg>Somyod</arg>
<doc>Types the given ``text`` into the text field identified by ``locator``.</doc>
<status status="PASS" start="2025-12-27T23:35:05.151485" elapsed="0.379399"/>
</kw>
<kw name="Input Text" owner="SeleniumLibrary">
<msg time="2025-12-27T23:35:05.531598" level="INFO">Typing text 'Sodsai' into text field 'id:lastname'.</msg>
<arg>id:lastname</arg>
<arg>Sodsai</arg>
<doc>Types the given ``text`` into the text field identified by ``locator``.</doc>
<status status="PASS" start="2025-12-27T23:35:05.531320" elapsed="0.383048"/>
</kw>
<kw name="Input Text" owner="SeleniumLibrary">
<msg time="2025-12-27T23:35:05.915067" level="INFO">Typing text 'CS KKU' into text field 'id:organization'.</msg>
<arg>id:organization</arg>
<arg>CS KKU</arg>
<doc>Types the given ``text`` into the text field identified by ``locator``.</doc>
<status status="PASS" start="2025-12-27T23:35:05.914791" elapsed="0.371822"/>
</kw>
<kw name="Input Text" owner="SeleniumLibrary">
<msg time="2025-12-27T23:35:06.287324" level="INFO">Typing text 'somyod@kkumail.com' into text field 'id:email'.</msg>
<arg>id:email</arg>
<arg>somyod@kkumail.com</arg>
<doc>Types the given ``text`` into the text field identified by ``locator``.</doc>
<status status="PASS" start="2025-12-27T23:35:06.287048" elapsed="0.404128"/>
</kw>
<kw name="Click Button" owner="SeleniumLibrary">
<msg time="2025-12-27T23:35:06.691876" level="INFO">Clicking button 'id:registerButton'.</msg>
<arg>id:registerButton</arg>
<doc>Clicks the button identified by ``locator``.</doc>
<status status="PASS" start="2025-12-27T23:35:06.691605" elapsed="0.363047"/>
</kw>
<kw name="Title Should Be" owner="SeleniumLibrary">
<msg time="2025-12-27T23:35:07.159149" level="INFO">Page title is 'Registration'.</msg>
<arg>Registration</arg>
<doc>Verifies that the current page title equals ``title``.</doc>
<status status="PASS" start="2025-12-27T23:35:07.055063" elapsed="0.104272"/>
</kw>
<kw name="Page Should Contain" owner="SeleniumLibrary">
<msg time="2025-12-27T23:35:07.369367" level="INFO">Current page contains text 'Workshop Registration'.</msg>
<arg>Workshop Registration</arg>
<doc>Verifies that current page contains ``text``.</doc>
<status status="PASS" start="2025-12-27T23:35:07.159740" elapsed="0.209749"/>
</kw>
<kw name="Element Text Should Be" owner="SeleniumLibrary">
<msg time="2025-12-27T23:35:07.370186" level="INFO">Verifying element 'id:errors' contains exact text 'Please enter your phone number!!'.</msg>
<msg time="2025-12-27T23:35:07.806841" level="INFO" html="true">&lt;/td&gt;&lt;/tr&gt;&lt;tr&gt;&lt;td colspan="3"&gt;&lt;a href="selenium-screenshot-2.png"&gt;&lt;img src="selenium-screenshot-2.png" width="800px"&gt;&lt;/a&gt;</msg>
<msg time="2025-12-27T23:35:07.807048" level="FAIL">The text of element 'id:errors' should have been 'Please enter your phone number!!' but it was '*Please enter your phone number!!'.</msg>
<arg>id:errors</arg>
<arg>Please enter your phone number!!</arg>
<doc>Verifies that element ``locator`` contains exact the text ``expected``.</doc>
<status status="FAIL" start="2025-12-27T23:35:07.369895" elapsed="0.438067">The text of element 'id:errors' should have been 'Please enter your phone number!!' but it was '*Please enter your phone number!!'.</status>
</kw>
<kw name="Close Browser" owner="SeleniumLibrary">
<doc>Closes the current browser.</doc>
<status status="NOT RUN" start="2025-12-27T23:35:07.808472" elapsed="0.000039"/>
</kw>
<doc>Phone ว่าง</doc>
<status status="FAIL" start="2025-12-27T23:35:03.248919" elapsed="4.559847">The text of element 'id:errors' should have been 'Please enter your phone number!!' but it was '*Please enter your phone number!!'.</status>
</test>
<status status="FAIL" start="2025-12-27T23:35:01.207997" elapsed="6.601781"/>
</suite>
<statistics>
<total>
<stat pass="0" fail="1" skip="0">All Tests</stat>
</total>
<tag>
</tag>
<suite>
<stat name="RegisterFailEmptyPhone" id="s1" pass="0" fail="1" skip="0">RegisterFailEmptyPhone</stat>
</suite>
</statistics>
<errors>
</errors>
</robot>
