<?xml version="1.0" encoding="UTF-8"?>
<robot generator="Robot 7.4.1 (Python 3.14.0 on win32)" generated="2025-12-27T23:32:50.978433" rpa="false" schemaversion="5">
<suite id="s1" name="RegisterFailEmptyEmail" source="D:\MYPIC\ComSciP3T2\CP353004_Lab\TestAutomationLab_663380026-5\RegisterFailEmptyEmail.robot">
<kw name="Open Browser To Registration Page" type="SETUP">
<kw name="Open Browser" owner="SeleniumLibrary">
<msg time="2025-12-27T23:32:51.330545" level="INFO">Opening browser 'Chrome' to base url 'file:///D:/MYPIC/ComSciP3T2/CP353004_Lab/TestAutomationLab_663380026-5/StarterFiles/Registration.html'.</msg>
<arg>${URL}</arg>
<arg>${BROWSER}</arg>
<doc>Opens a new browser instance to the optional ``url``.</doc>
<status status="PASS" start="2025-12-27T23:32:51.330252" elapsed="1.412939"/>
</kw>
<kw name="Maximize Browser Window" owner="SeleniumLibrary">
<doc>Maximizes current browser window.</doc>
<status status="PASS" start="2025-12-27T23:32:52.743581" elapsed="0.100376"/>
</kw>
<kw name="Set Selenium Speed" owner="SeleniumLibrary">
<arg>${DELAY}</arg>
<doc>Sets the delay that is waited after each Selenium command.</doc>
<status status="PASS" start="2025-12-27T23:32:52.844241" elapsed="0.000458"/>
</kw>
<kw name="Title Should Be" owner="SeleniumLibrary">
<msg time="2025-12-27T23:32:52.951690" level="INFO">Page title is 'Registration'.</msg>
<arg>Registration</arg>
<doc>Verifies that the current page title equals ``title``.</doc>
<status status="PASS" start="2025-12-27T23:32:52.844897" elapsed="0.107038"/>
</kw>
<kw name="Page Should Contain" owner="SeleniumLibrary">
<msg time="2025-12-27T23:32:53.166618" level="INFO">Current page contains text 'Workshop Registration'.</msg>
<arg>Workshop Registration</arg>
<doc>Verifies that current page contains ``text``.</doc>
<status status="PASS" start="2025-12-27T23:32:52.952213" elapsed="0.214533"/>
</kw>
<status status="PASS" start="2025-12-27T23:32:51.329538" elapsed="1.837333"/>
</kw>
<test id="s1-t1" name="UAT-Lab04-002-04 Empty Email" line="31">
<kw name="Go To Registration Page">
<kw name="Go To" owner="SeleniumLibrary">
<msg time="2025-12-27T23:32:53.168329" level="INFO">Opening url 'file:///D:/MYPIC/ComSciP3T2/CP353004_Lab/TestAutomationLab_663380026-5/StarterFiles/Registration.html'</msg>
<arg>${URL}</arg>
<doc>Navigates the current browser window to the provided ``url``.</doc>
<status status="PASS" start="2025-12-27T23:32:53.168192" elapsed="0.113318"/>
</kw>
<kw name="Title Should Be" owner="SeleniumLibrary">
<msg time="2025-12-27T23:32:53.386209" level="INFO">Page title is 'Registration'.</msg>
<arg>Registration</arg>
<doc>Verifies that the current page title equals ``title``.</doc>
<status status="PASS" start="2025-12-27T23:32:53.281723" elapsed="0.104673"/>
</kw>
<kw name="Page Should Contain" owner="SeleniumLibrary">
<msg time="2025-12-27T23:32:53.597761" level="INFO">Current page contains text 'Workshop Registration'.</msg>
<arg>Workshop Registration</arg>
<doc>Verifies that current page contains ``text``.</doc>
<status status="PASS" start="2025-12-27T23:32:53.386686" elapsed="0.211230"/>
</kw>
<kw name="Clear Element Text" owner="SeleniumLibrary">
<arg>id:firstname</arg>
<doc>Clears the value of the text-input-element identified by ``locator``.</doc>
<status status="PASS" start="2025-12-27T23:32:53.598151" elapsed="0.241801"/>
</kw>
<kw name="Clear Element Text" owner="SeleniumLibrary">
<arg>id:lastname</arg>
<doc>Clears the value of the text-input-element identified by ``locator``.</doc>
<status status="PASS" start="2025-12-27T23:32:53.840163" elapsed="0.227607"/>
</kw>
<kw name="Clear Element Text" owner="SeleniumLibrary">
<arg>id:organization</arg>
<doc>Clears the value of the text-input-element identified by ``locator``.</doc>
<status status="PASS" start="2025-12-27T23:32:54.067981" elapsed="0.228529"/>
</kw>
<kw name="Clear Element Text" owner="SeleniumLibrary">
<arg>id:email</arg>
<doc>Clears the value of the text-input-element identified by ``locator``.</doc>
<status status="PASS" start="2025-12-27T23:32:54.296728" elapsed="0.230125"/>
</kw>
<kw name="Clear Element Text" owner="SeleniumLibrary">
<arg>id:phone</arg>
<doc>Clears the value of the text-input-element identified by ``locator``.</doc>
<status status="PASS" start="2025-12-27T23:32:54.527064" elapsed="0.247479"/>
</kw>
<kw name="Run Keyword And Ignore Error" owner="BuiltIn">
<kw name="Clear Element Text" owner="SeleniumLibrary">
<msg time="2025-12-27T23:32:55.165478" level="INFO" html="true">&lt;/td&gt;&lt;/tr&gt;&lt;tr&gt;&lt;td colspan="3"&gt;&lt;a href="selenium-screenshot-1.png"&gt;&lt;img src="selenium-screenshot-1.png" width="800px"&gt;&lt;/a&gt;</msg>
<msg time="2025-12-27T23:32:55.165701" level="FAIL">InvalidElementStateException: Message: invalid element state
  (Session info: chrome=143.0.7499.170)
Stacktrace:
Symbols not available. Dumping unresolved backtrace:
	0x7ff656f688e5
	0x7ff656f68940
	0x7ff656d41465
	0x7ff656d8f263
	0x7ff656dc1fda
	0x7ff656d8c746
	0x7ff656deac97
	0x7ff656d8ac29
	0x7ff656d8ba93
	0x7ff657280640
	0x7ff65727af80
	0x7ff6572996e6
	0x7ff656f85de4
	0x7ff656f8ed8c
	0x7ff656f72004
	0x7ff656f721b5
	0x7ff656f57ee2
	0x7fff97bce8d7
	0x7fff9852c53c
</msg>
<arg>id:errors</arg>
<doc>Clears the value of the text-input-element identified by ``locator``.</doc>
<status status="FAIL" start="2025-12-27T23:32:54.775497" elapsed="0.394667">InvalidElementStateException: Message: invalid element state
  (Session info: chrome=143.0.7499.170)
Stacktrace:
Symbols not available. Dumping unresolved backtrace:
	0x7ff656f688e5
	0x7ff656f68940
	0x7ff656d41465
	0x7ff656d8f263
	0x7ff656dc1fda
	0x7ff656d8c746
	0x7ff656deac97
	0x7ff656d8ac29
	0x7ff656d8ba93
	0x7ff657280640
	0x7ff65727af80
	0x7ff6572996e6
	0x7ff656f85de4
	0x7ff656f8ed8c
	0x7ff656f72004
	0x7ff656f721b5
	0x7ff656f57ee2
	0x7fff97bce8d7
	0x7fff9852c53c
</status>
</kw>
<arg>Clear Element Text</arg>
<arg>id:errors</arg>
<doc>Runs the given keyword with the given arguments and ignores possible error.</doc>
<status status="PASS" start="2025-12-27T23:32:54.774862" elapsed="0.395428"/>
</kw>
<status status="PASS" start="2025-12-27T23:32:53.167888" elapsed="2.002497"/>
</kw>
<kw name="Input Text" owner="SeleniumLibrary">
<msg time="2025-12-27T23:32:55.171047" level="INFO">Typing text 'Somyod' into text field 'id:firstname'.</msg>
<arg>id:firstname</arg>
<arg>Somyod</arg>
<doc>Types the given ``text`` into the text field identified by ``locator``.</doc>
<status status="PASS" start="2025-12-27T23:32:55.170771" elapsed="0.374705"/>
</kw>
<kw name="Input Text" owner="SeleniumLibrary">
<msg time="2025-12-27T23:32:55.546210" level="INFO">Typing text 'Srisuk' into text field 'id:lastname'.</msg>
<arg>id:lastname</arg>
<arg>Srisuk</arg>
<doc>Types the given ``text`` into the text field identified by ``locator``.</doc>
<status status="PASS" start="2025-12-27T23:32:55.545941" elapsed="0.365938"/>
</kw>
<kw name="Input Text" owner="SeleniumLibrary">
<msg time="2025-12-27T23:32:55.912611" level="INFO">Typing text 'CS KKU' into text field 'id:organization'.</msg>
<arg>id:organization</arg>
<arg>CS KKU</arg>
<doc>Types the given ``text`` into the text field identified by ``locator``.</doc>
<status status="PASS" start="2025-12-27T23:32:55.912320" elapsed="0.380072"/>
</kw>
<kw name="Input Text" owner="SeleniumLibrary">
<msg time="2025-12-27T23:32:56.293073" level="INFO">Typing text '091-001-1234' into text field 'id:phone'.</msg>
<arg>id:phone</arg>
<arg>091-001-1234</arg>
<doc>Types the given ``text`` into the text field identified by ``locator``.</doc>
<status status="PASS" start="2025-12-27T23:32:56.292810" elapsed="0.376707"/>
</kw>
<kw name="Click Button" owner="SeleniumLibrary">
<msg time="2025-12-27T23:32:56.670359" level="INFO">Clicking button 'id:registerButton'.</msg>
<arg>id:registerButton</arg>
<doc>Clicks the button identified by ``locator``.</doc>
<status status="PASS" start="2025-12-27T23:32:56.670065" elapsed="0.361410"/>
</kw>
<kw name="Title Should Be" owner="SeleniumLibrary">
<msg time="2025-12-27T23:32:57.135894" level="INFO">Page title is 'Registration'.</msg>
<arg>Registration</arg>
<doc>Verifies that the current page title equals ``title``.</doc>
<status status="PASS" start="2025-12-27T23:32:57.031917" elapsed="0.104152"/>
</kw>
<kw name="Page Should Contain" owner="SeleniumLibrary">
<msg time="2025-12-27T23:32:57.345396" level="INFO">Current page contains text 'Workshop Registration'.</msg>
<arg>Workshop Registration</arg>
<doc>Verifies that current page contains ``text``.</doc>
<status status="PASS" start="2025-12-27T23:32:57.136464" elapsed="0.209050"/>
</kw>
<kw name="Element Text Should Be" owner="SeleniumLibrary">
<msg time="2025-12-27T23:32:57.346135" level="INFO">Verifying element 'id:errors' contains exact text 'Please enter your email!!'.</msg>
<msg time="2025-12-27T23:32:57.773700" level="INFO" html="true">&lt;/td&gt;&lt;/tr&gt;&lt;tr&gt;&lt;td colspan="3"&gt;&lt;a href="selenium-screenshot-2.png"&gt;&lt;img src="selenium-screenshot-2.png" width="800px"&gt;&lt;/a&gt;</msg>
<msg time="2025-12-27T23:32:57.773884" level="FAIL">The text of element 'id:errors' should have been 'Please enter your email!!' but it was '*Please enter your email!!'.</msg>
<arg>id:errors</arg>
<arg>Please enter your email!!</arg>
<doc>Verifies that element ``locator`` contains exact the text ``expected``.</doc>
<status status="FAIL" start="2025-12-27T23:32:57.345875" elapsed="0.428809">The text of element 'id:errors' should have been 'Please enter your email!!' but it was '*Please enter your email!!'.</status>
</kw>
<kw name="Close Browser" owner="SeleniumLibrary">
<doc>Closes the current browser.</doc>
<status status="NOT RUN" start="2025-12-27T23:32:57.775148" elapsed="0.000053"/>
</kw>
<doc>UAT-Lab04-002: Email ว่าง</doc>
<status status="FAIL" start="2025-12-27T23:32:53.166988" elapsed="4.608470">The text of element 'id:errors' should have been 'Please enter your email!!' but it was '*Please enter your email!!'.</status>
</test>
<status status="FAIL" start="2025-12-27T23:32:50.980263" elapsed="6.796076"/>
</suite>
<statistics>
<total>
<stat pass="0" fail="1" skip="0">All Tests</stat>
</total>
<tag>
</tag>
<suite>
<stat name="RegisterFailEmptyEmail" id="s1" pass="0" fail="1" skip="0">RegisterFailEmptyEmail</stat>
</suite>
</statistics>
<errors>
</errors>
</robot>
