<?xml version="1.0" encoding="UTF-8"?>
<robot generator="Robot 7.4.1 (Python 3.14.0 on win32)" generated="2026-01-01T16:45:42.876157" rpa="false" schemaversion="5">
<suite id="s1" name="RegisterSuccessWithOrg" source="D:\MYPIC\ComSciP3T2\CP353004_Lab\TestAutomationLab_663380026-5\RegisterSuccessWithOrg.robot">
<test id="s1-t1" name="UAT-Lab04-001-01 Register Success With Organization" line="9">
<kw name="Open Browser" owner="SeleniumLibrary">
<msg time="2026-01-01T16:45:43.217843" level="INFO">Opening browser 'Chrome' to base url 'http://localhost:7072/StarterFiles/Registration.html'.</msg>
<arg>${SERVER}${LAB_PATH}</arg>
<arg>${BROWSER}</arg>
<doc>Opens a new browser instance to the optional ``url``.</doc>
<status status="PASS" start="2026-01-01T16:45:43.217483" elapsed="1.350123"/>
</kw>
<kw name="Maximize Browser Window" owner="SeleniumLibrary">
<doc>Maximizes current browser window.</doc>
<status status="PASS" start="2026-01-01T16:45:44.568165" elapsed="0.038212"/>
</kw>
<kw name="Set Selenium Speed" owner="SeleniumLibrary">
<arg>${DELAY}</arg>
<doc>Sets the delay that is waited after each Selenium command.</doc>
<status status="PASS" start="2026-01-01T16:45:44.606745" elapsed="0.000366"/>
</kw>
<kw name="Input Text" owner="SeleniumLibrary">
<msg time="2026-01-01T16:45:44.607699" level="INFO">Typing text 'Somyod' into text field 'id:firstname'.</msg>
<arg>id:firstname</arg>
<arg>Somyod</arg>
<doc>Types the given ``text`` into the text field identified by ``locator``.</doc>
<status status="PASS" start="2026-01-01T16:45:44.607327" elapsed="0.424623"/>
</kw>
<kw name="Input Text" owner="SeleniumLibrary">
<msg time="2026-01-01T16:45:45.032652" level="INFO">Typing text 'Sodsai' into text field 'id:lastname'.</msg>
<arg>id:lastname</arg>
<arg>Sodsai</arg>
<doc>Types the given ``text`` into the text field identified by ``locator``.</doc>
<status status="PASS" start="2026-01-01T16:45:45.032381" elapsed="0.380713"/>
</kw>
<kw name="Input Text" owner="SeleniumLibrary">
<msg time="2026-01-01T16:45:45.413846" level="INFO">Typing text 'CS KKU' into text field 'id:organization'.</msg>
<arg>id:organization</arg>
<arg>CS KKU</arg>
<doc>Types the given ``text`` into the text field identified by ``locator``.</doc>
<status status="PASS" start="2026-01-01T16:45:45.413534" elapsed="0.380950"/>
</kw>
<kw name="Input Text" owner="SeleniumLibrary">
<msg time="2026-01-01T16:45:45.795178" level="INFO">Typing text 'somyod@kkumail.com' into text field 'id:email'.</msg>
<arg>id:email</arg>
<arg>somyod@kkumail.com</arg>
<doc>Types the given ``text`` into the text field identified by ``locator``.</doc>
<status status="PASS" start="2026-01-01T16:45:45.794902" elapsed="0.401502"/>
</kw>
<kw name="Input Text" owner="SeleniumLibrary">
<msg time="2026-01-01T16:45:46.197091" level="INFO">Typing text '091-001-1234' into text field 'id:phone'.</msg>
<arg>id:phone</arg>
<arg>091-001-1234</arg>
<doc>Types the given ``text`` into the text field identified by ``locator``.</doc>
<status status="PASS" start="2026-01-01T16:45:46.196798" elapsed="0.414083"/>
</kw>
<kw name="Capture Page Screenshot" owner="SeleniumLibrary">
<msg time="2026-01-01T16:45:46.807130" level="INFO" html="true">&lt;/td&gt;&lt;/tr&gt;&lt;tr&gt;&lt;td colspan="3"&gt;&lt;a href="RegisterWithOrg1.png"&gt;&lt;img src="RegisterWithOrg1.png" width="800px"&gt;&lt;/a&gt;</msg>
<arg>RegisterWithOrg1.png</arg>
<doc>Takes a screenshot of the current page and embeds it into a log file.</doc>
<status status="PASS" start="2026-01-01T16:45:46.611282" elapsed="0.196008"/>
</kw>
<kw name="Click Button" owner="SeleniumLibrary">
<msg time="2026-01-01T16:45:46.808140" level="INFO">Clicking button 'id:registerButton'.</msg>
<arg>id:registerButton</arg>
<doc>Clicks the button identified by ``locator``.</doc>
<status status="PASS" start="2026-01-01T16:45:46.807898" elapsed="0.410738"/>
</kw>
<kw name="Title Should Be" owner="SeleniumLibrary">
<msg time="2026-01-01T16:45:47.324354" level="INFO">Page title is 'Success'.</msg>
<arg>Success</arg>
<doc>Verifies that the current page title equals ``title``.</doc>
<status status="PASS" start="2026-01-01T16:45:47.219144" elapsed="0.105419"/>
</kw>
<kw name="Page Should Contain" owner="SeleniumLibrary">
<msg time="2026-01-01T16:45:47.539155" level="INFO">Current page contains text 'Thank you for registering with us.'.</msg>
<arg>Thank you for registering with us.</arg>
<doc>Verifies that current page contains ``text``.</doc>
<status status="PASS" start="2026-01-01T16:45:47.325006" elapsed="0.214281"/>
</kw>
<kw name="Page Should Contain" owner="SeleniumLibrary">
<msg time="2026-01-01T16:45:47.751223" level="INFO">Current page contains text 'We will send a confirmation to your email soon.'.</msg>
<arg>We will send a confirmation to your email soon.</arg>
<doc>Verifies that current page contains ``text``.</doc>
<status status="PASS" start="2026-01-01T16:45:47.539657" elapsed="0.211704"/>
</kw>
<kw name="Capture Page Screenshot" owner="SeleniumLibrary">
<msg time="2026-01-01T16:45:47.938491" level="INFO" html="true">&lt;/td&gt;&lt;/tr&gt;&lt;tr&gt;&lt;td colspan="3"&gt;&lt;a href="RegisterWithOrg2.png"&gt;&lt;img src="RegisterWithOrg2.png" width="800px"&gt;&lt;/a&gt;</msg>
<arg>RegisterWithOrg2.png</arg>
<doc>Takes a screenshot of the current page and embeds it into a log file.</doc>
<status status="PASS" start="2026-01-01T16:45:47.751734" elapsed="0.186896"/>
</kw>
<kw name="Close Browser" owner="SeleniumLibrary">
<doc>Closes the current browser.</doc>
<status status="PASS" start="2026-01-01T16:45:47.938930" elapsed="2.231355"/>
</kw>
<doc>UAT-Lab01-001: ลงทะเบียนสำเร็จโดยระบุหน่วยงาน</doc>
<status status="PASS" start="2026-01-01T16:45:43.215689" elapsed="6.954975"/>
</test>
<status status="PASS" start="2026-01-01T16:45:42.877930" elapsed="7.293673"/>
</suite>
<statistics>
<total>
<stat pass="1" fail="0" skip="0">All Tests</stat>
</total>
<tag>
</tag>
<suite>
<stat name="RegisterSuccessWithOrg" id="s1" pass="1" fail="0" skip="0">RegisterSuccessWithOrg</stat>
</suite>
</statistics>
<errors>
</errors>
</robot>
