<?xml version="1.0" encoding="UTF-8"?>
<robot generator="Robot 7.4.1 (Python 3.14.0 on win32)" generated="2026-01-01T16:48:58.840496" rpa="false" schemaversion="5">
<suite id="s1" name="RegisterSuccessWithoutOrg" source="D:\MYPIC\ComSciP3T2\CP353004_Lab\TestAutomationLab_663380026-5\RegisterSuccessWithoutOrg.robot">
<test id="s1-t1" name="UAT-Lab04-001-02 Register Success Without Organization" line="11">
<kw name="Open Browser" owner="SeleniumLibrary">
<msg time="2026-01-01T16:48:59.196313" level="INFO">Opening browser 'Chrome' to base url 'http://localhost:7072/StarterFiles/Registration.html'.</msg>
<arg>${SERVER}${LAB_PATH}</arg>
<arg>${BROWSER}</arg>
<doc>Opens a new browser instance to the optional ``url``.</doc>
<status status="PASS" start="2026-01-01T16:48:59.195944" elapsed="1.421626"/>
</kw>
<kw name="Maximize Browser Window" owner="SeleniumLibrary">
<doc>Maximizes current browser window.</doc>
<status status="PASS" start="2026-01-01T16:49:00.618101" elapsed="0.037340"/>
</kw>
<kw name="Set Selenium Speed" owner="SeleniumLibrary">
<arg>${DELAY}</arg>
<doc>Sets the delay that is waited after each Selenium command.</doc>
<status status="PASS" start="2026-01-01T16:49:00.655836" elapsed="0.000369"/>
</kw>
<kw name="Input Text" owner="SeleniumLibrary">
<msg time="2026-01-01T16:49:00.656769" level="INFO">Typing text 'Somyod' into text field 'id:firstname'.</msg>
<arg>id:firstname</arg>
<arg>Somyod</arg>
<doc>Types the given ``text`` into the text field identified by ``locator``.</doc>
<status status="PASS" start="2026-01-01T16:49:00.656422" elapsed="0.418158"/>
</kw>
<kw name="Input Text" owner="SeleniumLibrary">
<msg time="2026-01-01T16:49:01.075185" level="INFO">Typing text 'Sodsai' into text field 'id:lastname'.</msg>
<arg>id:lastname</arg>
<arg>Sodsai</arg>
<doc>Types the given ``text`` into the text field identified by ``locator``.</doc>
<status status="PASS" start="2026-01-01T16:49:01.074940" elapsed="0.394688"/>
</kw>
<kw name="Input Text" owner="SeleniumLibrary">
<msg time="2026-01-01T16:49:01.470442" level="INFO">Typing text 'somyod@kkumail.com' into text field 'id:email'.</msg>
<arg>id:email</arg>
<arg>somyod@kkumail.com</arg>
<doc>Types the given ``text`` into the text field identified by ``locator``.</doc>
<status status="PASS" start="2026-01-01T16:49:01.470133" elapsed="0.400737"/>
</kw>
<kw name="Input Text" owner="SeleniumLibrary">
<msg time="2026-01-01T16:49:01.871679" level="INFO">Typing text '091-001-1234' into text field 'id:phone'.</msg>
<arg>id:phone</arg>
<arg>091-001-1234</arg>
<doc>Types the given ``text`` into the text field identified by ``locator``.</doc>
<status status="PASS" start="2026-01-01T16:49:01.871391" elapsed="0.386380"/>
</kw>
<kw name="Capture Page Screenshot" owner="SeleniumLibrary">
<msg time="2026-01-01T16:49:02.458246" level="INFO" html="true">&lt;/td&gt;&lt;/tr&gt;&lt;tr&gt;&lt;td colspan="3"&gt;&lt;a href="RegisterWithoutOrg1.png"&gt;&lt;img src="RegisterWithoutOrg1.png" width="800px"&gt;&lt;/a&gt;</msg>
<arg>RegisterWithoutOrg1.png</arg>
<doc>Takes a screenshot of the current page and embeds it into a log file.</doc>
<status status="PASS" start="2026-01-01T16:49:02.258177" elapsed="0.200192"/>
</kw>
<kw name="Click Button" owner="SeleniumLibrary">
<msg time="2026-01-01T16:49:02.459004" level="INFO">Clicking button 'id:registerButton'.</msg>
<arg>id:registerButton</arg>
<doc>Clicks the button identified by ``locator``.</doc>
<status status="PASS" start="2026-01-01T16:49:02.458722" elapsed="0.418118"/>
</kw>
<kw name="Title Should Be" owner="SeleniumLibrary">
<msg time="2026-01-01T16:49:02.982377" level="INFO">Page title is 'Success'.</msg>
<arg>Success</arg>
<doc>Verifies that the current page title equals ``title``.</doc>
<status status="PASS" start="2026-01-01T16:49:02.877369" elapsed="0.105142"/>
</kw>
<kw name="Page Should Contain" owner="SeleniumLibrary">
<msg time="2026-01-01T16:49:03.198345" level="INFO">Current page contains text 'Thank you for registering with us.'.</msg>
<arg>Thank you for registering with us.</arg>
<doc>Verifies that current page contains ``text``.</doc>
<status status="PASS" start="2026-01-01T16:49:02.982870" elapsed="0.215632"/>
</kw>
<kw name="Page Should Contain" owner="SeleniumLibrary">
<msg time="2026-01-01T16:49:03.413992" level="INFO">Current page contains text 'We will send a confirmation to your email soon.'.</msg>
<arg>We will send a confirmation to your email soon.</arg>
<doc>Verifies that current page contains ``text``.</doc>
<status status="PASS" start="2026-01-01T16:49:03.198995" elapsed="0.215132"/>
</kw>
<kw name="Capture Page Screenshot" owner="SeleniumLibrary">
<msg time="2026-01-01T16:49:03.611796" level="INFO" html="true">&lt;/td&gt;&lt;/tr&gt;&lt;tr&gt;&lt;td colspan="3"&gt;&lt;a href="RegisterWithoutOrg2.png"&gt;&lt;img src="RegisterWithoutOrg2.png" width="800px"&gt;&lt;/a&gt;</msg>
<arg>RegisterWithoutOrg2.png</arg>
<doc>Takes a screenshot of the current page and embeds it into a log file.</doc>
<status status="PASS" start="2026-01-01T16:49:03.414504" elapsed="0.197435"/>
</kw>
<kw name="Close Browser" owner="SeleniumLibrary">
<doc>Closes the current browser.</doc>
<status status="PASS" start="2026-01-01T16:49:03.612329" elapsed="2.262226"/>
</kw>
<doc>UAT-Lab04-001: ลงทะเบียนสำเร็จโดยไม่ระบุหน่วยงาน</doc>
<status status="PASS" start="2026-01-01T16:48:59.194090" elapsed="6.680846"/>
</test>
<status status="PASS" start="2026-01-01T16:48:58.842285" elapsed="7.033393"/>
</suite>
<statistics>
<total>
<stat pass="1" fail="0" skip="0">All Tests</stat>
</total>
<tag>
</tag>
<suite>
<stat name="RegisterSuccessWithoutOrg" id="s1" pass="1" fail="0" skip="0">RegisterSuccessWithoutOrg</stat>
</suite>
</statistics>
<errors>
</errors>
</robot>
